c:\users\marissa\documents\github\occlusionculling\x64\debug\vc140.pdb
c:\users\marissa\documents\github\occlusionculling\x64\debug\vc140.idb
c:\users\marissa\documents\github\occlusionculling\x64\debug\aabboxrasterizerssemt.obj
c:\users\marissa\documents\github\occlusionculling\x64\debug\aabboxrasterizerssest.obj
c:\users\marissa\documents\github\occlusionculling\x64\debug\depthbufferrasterizer.obj
c:\users\marissa\documents\github\occlusionculling\x64\debug\depthbufferrasterizerscalar.obj
c:\users\marissa\documents\github\occlusionculling\x64\debug\depthbufferrasterizerscalarmt.obj
c:\users\marissa\documents\github\occlusionculling\x64\debug\depthbufferrasterizerscalarst.obj
c:\users\marissa\documents\github\occlusionculling\x64\debug\depthbufferrasterizersse.obj
c:\users\marissa\documents\github\occlusionculling\x64\debug\depthbufferrasterizerssemt.obj
c:\users\marissa\documents\github\occlusionculling\x64\debug\depthbufferrasterizerssest.obj
c:\users\marissa\documents\github\occlusionculling\x64\debug\helperavx.obj
c:\users\marissa\documents\github\occlusionculling\x64\debug\helperscalar.obj
c:\users\marissa\documents\github\occlusionculling\x64\debug\helpersse.obj
c:\users\marissa\documents\github\occlusionculling\x64\debug\main.obj
c:\users\marissa\documents\github\occlusionculling\x64\debug\occlusionculling.obj
c:\users\marissa\documents\github\occlusionculling\x64\debug\transformedaabboxscalar.obj
c:\users\marissa\documents\github\occlusionculling\x64\debug\transformedaabboxsse.obj
c:\users\marissa\documents\github\occlusionculling\x64\debug\transformedmeshscalar.obj
c:\users\marissa\documents\github\occlusionculling\x64\debug\transformedmeshsse.obj
c:\users\marissa\documents\github\occlusionculling\x64\debug\transformedmodelscalar.obj
c:\users\marissa\documents\github\occlusionculling\x64\debug\transformedmodelsse.obj
c:\users\marissa\documents\github\occlusionculling\x64\debug\aabboxmaskedrasterizeravxst.obj
c:\users\marissa\documents\github\occlusionculling\x64\debug\aabboxrasterizer.obj
c:\users\marissa\documents\github\occlusionculling\x64\debug\aabboxrasterizerscalar.obj
c:\users\marissa\documents\github\occlusionculling\x64\debug\aabboxrasterizerscalarmt.obj
c:\users\marissa\documents\github\occlusionculling\x64\debug\aabboxrasterizerscalarst.obj
c:\users\marissa\documents\github\occlusionculling\x64\debug\aabboxrasterizersse.obj
c:\users\marissa\documents\github\occlusionculling\x64\debug\aabboxrasterizeravx.obj
c:\users\marissa\documents\github\occlusionculling\x64\debug\aabboxrasterizeravxmt.obj
c:\users\marissa\documents\github\occlusionculling\x64\debug\aabboxrasterizeravxst.obj
c:\users\marissa\documents\github\occlusionculling\x64\debug\depthbuffermaskedrasterizeravxst.obj
c:\users\marissa\documents\github\occlusionculling\x64\debug\depthbufferrasterizeravx.obj
c:\users\marissa\documents\github\occlusionculling\x64\debug\depthbufferrasterizeravxmt.obj
c:\users\marissa\documents\github\occlusionculling\x64\debug\depthbufferrasterizeravxst.obj
c:\users\marissa\documents\github\occlusionculling\x64\debug\maskedocclusionculling.obj
c:\users\marissa\documents\github\occlusionculling\x64\debug\transformedaabboxavx.obj
c:\users\marissa\documents\github\occlusionculling\x64\debug\occlusionculling.ilk
c:\users\marissa\documents\github\occlusionculling\x64\debug\occlusionculling.exe
c:\users\marissa\documents\github\occlusionculling\x64\debug\occlusionculling.pdb
c:\users\marissa\documents\github\occlusionculling\x64\debug\cput.pdb
c:\users\marissa\documents\github\occlusionculling\x64\debug\samplecomponents.pdb
c:\users\marissa\documents\github\occlusionculling\x64\debug\tbb_debug.pdb
c:\users\marissa\documents\github\occlusionculling\x64\debug\occlusionculling.tlog\cl.command.1.tlog
c:\users\marissa\documents\github\occlusionculling\x64\debug\occlusionculling.tlog\cl.read.1.tlog
c:\users\marissa\documents\github\occlusionculling\x64\debug\occlusionculling.tlog\cl.write.1.tlog
c:\users\marissa\documents\github\occlusionculling\x64\debug\occlusionculling.tlog\link.command.1.tlog
c:\users\marissa\documents\github\occlusionculling\x64\debug\occlusionculling.tlog\link.read.1.tlog
c:\users\marissa\documents\github\occlusionculling\x64\debug\occlusionculling.tlog\link.write.1.tlog
