c:\users\marissa\documents\github\occlusionculling\cput\x64\debug\cput.pdb
c:\users\marissa\documents\github\occlusionculling\cput\x64\debug\cput.idb
c:\users\marissa\documents\github\occlusionculling\cput\x64\debug\cputnullnode.obj
c:\users\marissa\documents\github\occlusionculling\cput\x64\debug\cputosserviceswin.obj
c:\users\marissa\documents\github\occlusionculling\cput\x64\debug\cputperftaskmarker.obj
c:\users\marissa\documents\github\occlusionculling\cput\x64\debug\cputpixelshaderdx11.obj
c:\users\marissa\documents\github\occlusionculling\cput\x64\debug\cputpostprocess.obj
c:\users\marissa\documents\github\occlusionculling\cput\x64\debug\cputrendernode.obj
c:\users\marissa\documents\github\occlusionculling\cput\x64\debug\cputrenderstateblock.obj
c:\users\marissa\documents\github\occlusionculling\cput\x64\debug\cputrenderstateblockdx11.obj
c:\users\marissa\documents\github\occlusionculling\cput\x64\debug\cputrendertarget.obj
c:\users\marissa\documents\github\occlusionculling\cput\x64\debug\cputshaderdx11.obj
c:\users\marissa\documents\github\occlusionculling\cput\x64\debug\cputslider.obj
c:\users\marissa\documents\github\occlusionculling\cput\x64\debug\cputsprite.obj
c:\users\marissa\documents\github\occlusionculling\cput\x64\debug\cputtext.obj
c:\users\marissa\documents\github\occlusionculling\cput\x64\debug\cputtexture.obj
c:\users\marissa\documents\github\occlusionculling\cput\x64\debug\cputtexturedx11.obj
c:\users\marissa\documents\github\occlusionculling\cput\x64\debug\cputtimerwin.obj
c:\users\marissa\documents\github\occlusionculling\cput\x64\debug\cputvertexshaderdx11.obj
c:\users\marissa\documents\github\occlusionculling\cput\x64\debug\cputwindowwin.obj
c:\users\marissa\documents\github\occlusionculling\cput\x64\debug\cput_dx11.obj
c:\users\marissa\documents\github\occlusionculling\cput\x64\debug\ddstextureloader.obj
c:\users\marissa\documents\github\occlusionculling\cput\x64\debug\cputconfigblock.obj
c:\users\marissa\documents\github\occlusionculling\cput\x64\debug\cputcontrol.obj
c:\users\marissa\documents\github\occlusionculling\cput\x64\debug\cputdomainshaderdx11.obj
c:\users\marissa\documents\github\occlusionculling\cput\x64\debug\cputdropdown.obj
c:\users\marissa\documents\github\occlusionculling\cput\x64\debug\cputfont.obj
c:\users\marissa\documents\github\occlusionculling\cput\x64\debug\cputfontdx11.obj
c:\users\marissa\documents\github\occlusionculling\cput\x64\debug\cputfrustum.obj
c:\users\marissa\documents\github\occlusionculling\cput\x64\debug\cputgeometryshaderdx11.obj
c:\users\marissa\documents\github\occlusionculling\cput\x64\debug\cputguicontroller.obj
c:\users\marissa\documents\github\occlusionculling\cput\x64\debug\cputguicontrollerdx11.obj
c:\users\marissa\documents\github\occlusionculling\cput\x64\debug\cputhullshaderdx11.obj
c:\users\marissa\documents\github\occlusionculling\cput\x64\debug\cputinputlayoutcachedx11.obj
c:\users\marissa\documents\github\occlusionculling\cput\x64\debug\cputitttaskmarker.obj
c:\users\marissa\documents\github\occlusionculling\cput\x64\debug\cputlight.obj
c:\users\marissa\documents\github\occlusionculling\cput\x64\debug\cputmaterial.obj
c:\users\marissa\documents\github\occlusionculling\cput\x64\debug\cputmaterialdx11.obj
c:\users\marissa\documents\github\occlusionculling\cput\x64\debug\cputmesh.obj
c:\users\marissa\documents\github\occlusionculling\cput\x64\debug\cputmeshdx11.obj
c:\users\marissa\documents\github\occlusionculling\cput\x64\debug\cputmodel.obj
c:\users\marissa\documents\github\occlusionculling\cput\x64\debug\cputmodeldx11.obj
c:\users\marissa\documents\github\occlusionculling\cput\x64\debug\cputassetlibrary.obj
c:\users\marissa\documents\github\occlusionculling\cput\x64\debug\cputassetlibrarydx11.obj
c:\users\marissa\documents\github\occlusionculling\cput\x64\debug\cputassetset.obj
c:\users\marissa\documents\github\occlusionculling\cput\x64\debug\cputassetsetdx11.obj
c:\users\marissa\documents\github\occlusionculling\cput\x64\debug\cputbufferdx11.obj
c:\users\marissa\documents\github\occlusionculling\cput\x64\debug\cputbutton.obj
c:\users\marissa\documents\github\occlusionculling\cput\x64\debug\cputcamera.obj
c:\users\marissa\documents\github\occlusionculling\cput\x64\debug\cputcheckbox.obj
c:\users\marissa\documents\github\occlusionculling\cput\x64\debug\cputcomputeshaderdx11.obj
c:\users\marissa\documents\github\occlusionculling\x64\debug\cput.lib
c:\users\marissa\documents\github\occlusionculling\cput\x64\debug\cput.tlog\cl.command.1.tlog
c:\users\marissa\documents\github\occlusionculling\cput\x64\debug\cput.tlog\cl.read.1.tlog
c:\users\marissa\documents\github\occlusionculling\cput\x64\debug\cput.tlog\cl.write.1.tlog
c:\users\marissa\documents\github\occlusionculling\cput\x64\debug\cput.tlog\lib-link.read.1.tlog
c:\users\marissa\documents\github\occlusionculling\cput\x64\debug\cput.tlog\lib-link.write.1.tlog
c:\users\marissa\documents\github\occlusionculling\cput\x64\debug\cput.tlog\lib.command.1.tlog
